--------------------------------------------------------------------------------------------------------------------------------
      name:  <unnamed>
       log:  C:\Users\akali\OneDrive - Lingnan University\Desktop\Replication_Files\Output\my_logfile.log
  log type:  text
 opened on:   2 Jun 2025, 10:22:59

.         bysort country: tab language_interview if wave == 6

--------------------------------------------------------------------------------------------------------------------------------
-> country = Albania
no observations

--------------------------------------------------------------------------------------------------------------------------------
-> country = Algeria

        Language of interview |
  (WVS/EVS list of languages) |      Freq.     Percent        Cum.
------------------------------+-----------------------------------
                       Arabic |      1,118       93.17       93.17
                       French |         14        1.17       94.33
                          500 |         68        5.67      100.00
------------------------------+-----------------------------------
                        Total |      1,200      100.00

--------------------------------------------------------------------------------------------------------------------------------
-> country = Andorra
no observations

--------------------------------------------------------------------------------------------------------------------------------
-> country = Azerbaijan

        Language of interview |
  (WVS/EVS list of languages) |      Freq.     Percent        Cum.
------------------------------+-----------------------------------
                  Azerbaijani |      1,002      100.00      100.00
------------------------------+-----------------------------------
                        Total |      1,002      100.00

--------------------------------------------------------------------------------------------------------------------------------
-> country = Argentina

        Language of interview |
  (WVS/EVS list of languages) |      Freq.     Percent        Cum.
------------------------------+-----------------------------------
                      Spanish |      1,030      100.00      100.00
------------------------------+-----------------------------------
                        Total |      1,030      100.00

--------------------------------------------------------------------------------------------------------------------------------
-> country = Australia

        Language of interview |
  (WVS/EVS list of languages) |      Freq.     Percent        Cum.
------------------------------+-----------------------------------
                      English |      1,477      100.00      100.00
------------------------------+-----------------------------------
                        Total |      1,477      100.00

--------------------------------------------------------------------------------------------------------------------------------
-> country = Austria
no observations

--------------------------------------------------------------------------------------------------------------------------------
-> country = Bangladesh
no observations

--------------------------------------------------------------------------------------------------------------------------------
-> country = Armenia

        Language of interview |
  (WVS/EVS list of languages) |      Freq.     Percent        Cum.
------------------------------+-----------------------------------
                     Armenian |      1,100      100.00      100.00
------------------------------+-----------------------------------
                        Total |      1,100      100.00

--------------------------------------------------------------------------------------------------------------------------------
-> country = Bolivia
no observations

--------------------------------------------------------------------------------------------------------------------------------
-> country = Bosnia and Herzegovina
no observations

--------------------------------------------------------------------------------------------------------------------------------
-> country = Brazil

        Language of interview |
  (WVS/EVS list of languages) |      Freq.     Percent        Cum.
------------------------------+-----------------------------------
                   Portuguese |      1,481      100.00      100.00
------------------------------+-----------------------------------
                        Total |      1,481      100.00

--------------------------------------------------------------------------------------------------------------------------------
-> country = Bulgaria
no observations

--------------------------------------------------------------------------------------------------------------------------------
-> country = Myanmar
no observations

--------------------------------------------------------------------------------------------------------------------------------
-> country = Belarus

        Language of interview |
  (WVS/EVS list of languages) |      Freq.     Percent        Cum.
------------------------------+-----------------------------------
                      Russian |      1,535      100.00      100.00
------------------------------+-----------------------------------
                        Total |      1,535      100.00

--------------------------------------------------------------------------------------------------------------------------------
-> country = Canada
no observations

--------------------------------------------------------------------------------------------------------------------------------
-> country = Chile

        Language of interview |
  (WVS/EVS list of languages) |      Freq.     Percent        Cum.
------------------------------+-----------------------------------
                      Spanish |      1,000      100.00      100.00
------------------------------+-----------------------------------
                        Total |      1,000      100.00

--------------------------------------------------------------------------------------------------------------------------------
-> country = China

        Language of interview |
  (WVS/EVS list of languages) |      Freq.     Percent        Cum.
------------------------------+-----------------------------------
                      Chinese |      2,300      100.00      100.00
------------------------------+-----------------------------------
                        Total |      2,300      100.00

--------------------------------------------------------------------------------------------------------------------------------
-> country = Taiwan ROC

        Language of interview |
  (WVS/EVS list of languages) |      Freq.     Percent        Cum.
------------------------------+-----------------------------------
                      Chinese |      1,113       89.98       89.98
                         4150 |        124       10.02      100.00
------------------------------+-----------------------------------
                        Total |      1,237      100.00

--------------------------------------------------------------------------------------------------------------------------------
-> country = Colombia

        Language of interview |
  (WVS/EVS list of languages) |      Freq.     Percent        Cum.
------------------------------+-----------------------------------
                      English |          8        0.53        0.53
                       French |          1        0.07        0.60
                      Spanish |      1,503       99.40      100.00
------------------------------+-----------------------------------
                        Total |      1,512      100.00

--------------------------------------------------------------------------------------------------------------------------------
-> country = Croatia
no observations

--------------------------------------------------------------------------------------------------------------------------------
-> country = Cyprus

        Language of interview |
  (WVS/EVS list of languages) |      Freq.     Percent        Cum.
------------------------------+-----------------------------------
                      Turkish |        500       50.00       50.00
                Greek, Modern |        500       50.00      100.00
------------------------------+-----------------------------------
                        Total |      1,000      100.00

--------------------------------------------------------------------------------------------------------------------------------
-> country = Czech Republic
no observations

--------------------------------------------------------------------------------------------------------------------------------
-> country = Denmark
no observations

--------------------------------------------------------------------------------------------------------------------------------
-> country = Ecuador

        Language of interview |
  (WVS/EVS list of languages) |      Freq.     Percent        Cum.
------------------------------+-----------------------------------
                      Spanish |      1,196       99.50       99.50
                        Other |          6        0.50      100.00
------------------------------+-----------------------------------
                        Total |      1,202      100.00

--------------------------------------------------------------------------------------------------------------------------------
-> country = Ethiopia
no observations

--------------------------------------------------------------------------------------------------------------------------------
-> country = Estonia

        Language of interview |
  (WVS/EVS list of languages) |      Freq.     Percent        Cum.
------------------------------+-----------------------------------
                     Estonian |      1,044       68.10       68.10
                      Russian |        489       31.90      100.00
------------------------------+-----------------------------------
                        Total |      1,533      100.00

--------------------------------------------------------------------------------------------------------------------------------
-> country = Finland
no observations

--------------------------------------------------------------------------------------------------------------------------------
-> country = France
no observations

--------------------------------------------------------------------------------------------------------------------------------
-> country = Georgia

        Language of interview |
  (WVS/EVS list of languages) |      Freq.     Percent        Cum.
------------------------------+-----------------------------------
                     Georgian |      1,195       99.42       99.42
                      Russian |          7        0.58      100.00
------------------------------+-----------------------------------
                        Total |      1,202      100.00

--------------------------------------------------------------------------------------------------------------------------------
-> country = Palestine

        Language of interview |
  (WVS/EVS list of languages) |      Freq.     Percent        Cum.
------------------------------+-----------------------------------
                       Arabic |      1,000      100.00      100.00
------------------------------+-----------------------------------
                        Total |      1,000      100.00

--------------------------------------------------------------------------------------------------------------------------------
-> country = Germany

        Language of interview |
  (WVS/EVS list of languages) |      Freq.     Percent        Cum.
------------------------------+-----------------------------------
                       German |      2,046      100.00      100.00
------------------------------+-----------------------------------
                        Total |      2,046      100.00

--------------------------------------------------------------------------------------------------------------------------------
-> country = Ghana

        Language of interview |
  (WVS/EVS list of languages) |      Freq.     Percent        Cum.
------------------------------+-----------------------------------
                      English |        551       35.50       35.50
                        Hausa |         60        3.87       39.37
                         1300 |         76        4.90       44.27
                         1430 |         18        1.16       45.43
                         4395 |        847       54.57      100.00
------------------------------+-----------------------------------
                        Total |      1,552      100.00

--------------------------------------------------------------------------------------------------------------------------------
-> country = Greece
no observations

--------------------------------------------------------------------------------------------------------------------------------
-> country = Guatemala
no observations

--------------------------------------------------------------------------------------------------------------------------------
-> country = Haiti

        Language of interview |
  (WVS/EVS list of languages) |      Freq.     Percent        Cum.
------------------------------+-----------------------------------
                      Spanish |          5        0.25        0.25
                         1660 |      1,991       99.75      100.00
------------------------------+-----------------------------------
                        Total |      1,996      100.00

--------------------------------------------------------------------------------------------------------------------------------
-> country = Hong Kong SAR

        Language of interview |
  (WVS/EVS list of languages) |      Freq.     Percent        Cum.
------------------------------+-----------------------------------
                    Cantonese |        991       99.10       99.10
                      Chinese |          7        0.70       99.80
                      English |          1        0.10       99.90
                        Other |          1        0.10      100.00
------------------------------+-----------------------------------
                        Total |      1,000      100.00

--------------------------------------------------------------------------------------------------------------------------------
-> country = Hungary
no observations

--------------------------------------------------------------------------------------------------------------------------------
-> country = Iceland
no observations

--------------------------------------------------------------------------------------------------------------------------------
-> country = India

        Language of interview |
  (WVS/EVS list of languages) |      Freq.     Percent        Cum.
------------------------------+-----------------------------------
                      Bengali |        294        7.21        7.21
                         1610 |        259        6.35       13.56
                        Hindi |      2,001       49.07       62.63
                         2140 |        239        5.86       68.49
                         2820 |        192        4.71       73.20
                         2940 |        280        6.87       80.06
                         3380 |        355        8.71       88.77
                         3540 |        151        3.70       92.47
                         4220 |        307        7.53      100.00
------------------------------+-----------------------------------
                        Total |      4,078      100.00

--------------------------------------------------------------------------------------------------------------------------------
-> country = Indonesia
no observations

--------------------------------------------------------------------------------------------------------------------------------
-> country = Iran
no observations

--------------------------------------------------------------------------------------------------------------------------------
-> country = Iraq

        Language of interview |
  (WVS/EVS list of languages) |      Freq.     Percent        Cum.
------------------------------+-----------------------------------
                       Arabic |      1,033       86.08       86.08
                          247 |        167       13.92      100.00
------------------------------+-----------------------------------
                        Total |      1,200      100.00

--------------------------------------------------------------------------------------------------------------------------------
-> country = Italy
no observations

--------------------------------------------------------------------------------------------------------------------------------
-> country = Japan

        Language of interview |
  (WVS/EVS list of languages) |      Freq.     Percent        Cum.
------------------------------+-----------------------------------
                     Japanese |      2,443      100.00      100.00
------------------------------+-----------------------------------
                        Total |      2,443      100.00

--------------------------------------------------------------------------------------------------------------------------------
-> country = Kazakhstan

        Language of interview |
  (WVS/EVS list of languages) |      Freq.     Percent        Cum.
------------------------------+-----------------------------------
                      Russian |      1,149       76.60       76.60
                       Kazakh |        351       23.40      100.00
------------------------------+-----------------------------------
                        Total |      1,500      100.00

--------------------------------------------------------------------------------------------------------------------------------
-> country = Jordan

        Language of interview |
  (WVS/EVS list of languages) |      Freq.     Percent        Cum.
------------------------------+-----------------------------------
                       Arabic |      1,200      100.00      100.00
------------------------------+-----------------------------------
                        Total |      1,200      100.00

--------------------------------------------------------------------------------------------------------------------------------
-> country = Kenya
no observations

--------------------------------------------------------------------------------------------------------------------------------
-> country = South Korea

        Language of interview |
  (WVS/EVS list of languages) |      Freq.     Percent        Cum.
------------------------------+-----------------------------------
                       Korean |      1,200      100.00      100.00
------------------------------+-----------------------------------
                        Total |      1,200      100.00

--------------------------------------------------------------------------------------------------------------------------------
-> country = Kuwait

        Language of interview |
  (WVS/EVS list of languages) |      Freq.     Percent        Cum.
------------------------------+-----------------------------------
                       Arabic |      1,232      100.00      100.00
------------------------------+-----------------------------------
                        Total |      1,232      100.00

--------------------------------------------------------------------------------------------------------------------------------
-> country = Kyrgyzstan

        Language of interview |
  (WVS/EVS list of languages) |      Freq.     Percent        Cum.
------------------------------+-----------------------------------
                      Kirghiz |      1,176       78.40       78.40
                      Russian |        324       21.60      100.00
------------------------------+-----------------------------------
                        Total |      1,500      100.00

--------------------------------------------------------------------------------------------------------------------------------
-> country = Lebanon

        Language of interview |
  (WVS/EVS list of languages) |      Freq.     Percent        Cum.
------------------------------+-----------------------------------
                       Arabic |      1,190       99.17       99.17
                        Other |         10        0.83      100.00
------------------------------+-----------------------------------
                        Total |      1,200      100.00

--------------------------------------------------------------------------------------------------------------------------------
-> country = Latvia
no observations

--------------------------------------------------------------------------------------------------------------------------------
-> country = Libya

        Language of interview |
  (WVS/EVS list of languages) |      Freq.     Percent        Cum.
------------------------------+-----------------------------------
                       Arabic |      2,131      100.00      100.00
------------------------------+-----------------------------------
                        Total |      2,131      100.00

--------------------------------------------------------------------------------------------------------------------------------
-> country = Lithuania
no observations

--------------------------------------------------------------------------------------------------------------------------------
-> country = Macau SAR
no observations

--------------------------------------------------------------------------------------------------------------------------------
-> country = Malaysia

        Language of interview |
  (WVS/EVS list of languages) |      Freq.     Percent        Cum.
------------------------------+-----------------------------------
                      Chinese |         84        6.46        6.46
                      English |         64        4.92       11.38
                        Malay |      1,152       88.62      100.00
------------------------------+-----------------------------------
                        Total |      1,300      100.00

--------------------------------------------------------------------------------------------------------------------------------
-> country = Maldives
no observations

--------------------------------------------------------------------------------------------------------------------------------
-> country = Mexico

        Language of interview |
  (WVS/EVS list of languages) |      Freq.     Percent        Cum.
------------------------------+-----------------------------------
                      Spanish |      1,950       97.50       97.50
                        Other |         50        2.50      100.00
------------------------------+-----------------------------------
                        Total |      2,000      100.00

--------------------------------------------------------------------------------------------------------------------------------
-> country = Mongolia
no observations

--------------------------------------------------------------------------------------------------------------------------------
-> country = Montenegro
no observations

--------------------------------------------------------------------------------------------------------------------------------
-> country = Morocco

        Language of interview |
  (WVS/EVS list of languages) |      Freq.     Percent        Cum.
------------------------------+-----------------------------------
                       Arabic |      1,167       97.25       97.25
                       French |         18        1.50       98.75
                          500 |         15        1.25      100.00
------------------------------+-----------------------------------
                        Total |      1,200      100.00

--------------------------------------------------------------------------------------------------------------------------------
-> country = Netherlands

        Language of interview |
  (WVS/EVS list of languages) |      Freq.     Percent        Cum.
------------------------------+-----------------------------------
                        Dutch |      1,902      100.00      100.00
------------------------------+-----------------------------------
                        Total |      1,902      100.00

--------------------------------------------------------------------------------------------------------------------------------
-> country = New Zealand

        Language of interview |
  (WVS/EVS list of languages) |      Freq.     Percent        Cum.
------------------------------+-----------------------------------
                      English |        841      100.00      100.00
------------------------------+-----------------------------------
                        Total |        841      100.00

--------------------------------------------------------------------------------------------------------------------------------
-> country = Nicaragua
no observations

--------------------------------------------------------------------------------------------------------------------------------
-> country = Nigeria

        Language of interview |
  (WVS/EVS list of languages) |      Freq.     Percent        Cum.
------------------------------+-----------------------------------
                      English |        942       53.55       53.55
                        Hausa |        506       28.77       82.32
                         Igbo |        100        5.69       88.00
                       Yoruba |        211       12.00      100.00
------------------------------+-----------------------------------
                        Total |      1,759      100.00

--------------------------------------------------------------------------------------------------------------------------------
-> country = Norway
no observations

--------------------------------------------------------------------------------------------------------------------------------
-> country = Pakistan

        Language of interview |
  (WVS/EVS list of languages) |      Freq.     Percent        Cum.
------------------------------+-----------------------------------
                          370 |          9        0.75        0.75
                         Urdu |        711       59.25       60.00
                          680 |          2        0.17       60.17
                         3540 |        254       21.17       81.33
                         3550 |         28        2.33       83.67
                         3720 |         52        4.33       88.00
                         3860 |        144       12.00      100.00
------------------------------+-----------------------------------
                        Total |      1,200      100.00

--------------------------------------------------------------------------------------------------------------------------------
-> country = Peru

        Language of interview |
  (WVS/EVS list of languages) |      Freq.     Percent        Cum.
------------------------------+-----------------------------------
                      Spanish |      1,197       98.93       98.93
                         3570 |         13        1.07      100.00
------------------------------+-----------------------------------
                        Total |      1,210      100.00

--------------------------------------------------------------------------------------------------------------------------------
-> country = Philippines

        Language of interview |
  (WVS/EVS list of languages) |      Freq.     Percent        Cum.
------------------------------+-----------------------------------
                      Cebuano |        272       22.67       22.67
                      English |          8        0.67       23.33
           Filipino; Pilipino |        586       48.83       72.17
                          850 |          1        0.08       72.25
                        Iluko |         44        3.67       75.92
                   Hiligaynon |        172       14.33       90.25
                        Bicol |         37        3.08       93.33
                        Waray |         63        5.25       98.58
                         2930 |         17        1.42      100.00
------------------------------+-----------------------------------
                        Total |      1,200      100.00

--------------------------------------------------------------------------------------------------------------------------------
-> country = Poland

        Language of interview |
  (WVS/EVS list of languages) |      Freq.     Percent        Cum.
------------------------------+-----------------------------------
                       Polish |        966      100.00      100.00
------------------------------+-----------------------------------
                        Total |        966      100.00

--------------------------------------------------------------------------------------------------------------------------------
-> country = Portugal
no observations

--------------------------------------------------------------------------------------------------------------------------------
-> country = Puerto Rico
no observations

--------------------------------------------------------------------------------------------------------------------------------
-> country = Qatar

        Language of interview |
  (WVS/EVS list of languages) |      Freq.     Percent        Cum.
------------------------------+-----------------------------------
                       Arabic |      1,060      100.00      100.00
------------------------------+-----------------------------------
                        Total |      1,060      100.00

--------------------------------------------------------------------------------------------------------------------------------
-> country = Romania

        Language of interview |
  (WVS/EVS list of languages) |      Freq.     Percent        Cum.
------------------------------+-----------------------------------
                    Hungarian |         55        3.66        3.66
                     Romanian |      1,446       96.34      100.00
------------------------------+-----------------------------------
                        Total |      1,501      100.00

--------------------------------------------------------------------------------------------------------------------------------
-> country = Russia

        Language of interview |
  (WVS/EVS list of languages) |      Freq.     Percent        Cum.
------------------------------+-----------------------------------
                      Russian |      2,500      100.00      100.00
------------------------------+-----------------------------------
                        Total |      2,500      100.00

--------------------------------------------------------------------------------------------------------------------------------
-> country = Rwanda

        Language of interview |
  (WVS/EVS list of languages) |      Freq.     Percent        Cum.
------------------------------+-----------------------------------
                      English |         19        1.24        1.24
                       French |          8        0.52        1.77
                         2300 |      1,500       98.23      100.00
------------------------------+-----------------------------------
                        Total |      1,527      100.00

--------------------------------------------------------------------------------------------------------------------------------
-> country = Serbia
no observations

--------------------------------------------------------------------------------------------------------------------------------
-> country = Singapore

        Language of interview |
  (WVS/EVS list of languages) |      Freq.     Percent        Cum.
------------------------------+-----------------------------------
                      Chinese |        410       20.80       20.80
                      English |      1,548       78.54       99.34
                        Malay |          8        0.41       99.75
                         4190 |          5        0.25      100.00
------------------------------+-----------------------------------
                        Total |      1,971      100.00

--------------------------------------------------------------------------------------------------------------------------------
-> country = Slovakia
no observations

--------------------------------------------------------------------------------------------------------------------------------
-> country = Vietnam
no observations

--------------------------------------------------------------------------------------------------------------------------------
-> country = Slovenia

        Language of interview |
  (WVS/EVS list of languages) |      Freq.     Percent        Cum.
------------------------------+-----------------------------------
                    Slovenian |      1,069      100.00      100.00
------------------------------+-----------------------------------
                        Total |      1,069      100.00

--------------------------------------------------------------------------------------------------------------------------------
-> country = South Africa

        Language of interview |
  (WVS/EVS list of languages) |      Freq.     Percent        Cum.
------------------------------+-----------------------------------
                  Azerbaijani |        185        5.24        5.24
                      English |      2,178       61.68       66.92
                         3232 |        136        3.85       70.77
                         3965 |         10        0.28       71.06
                         3985 |        121        3.43       74.48
                         4090 |         17        0.48       74.96
                         4335 |         25        0.71       75.67
                         4340 |         93        2.63       78.31
                         4460 |         36        1.02       79.33
                         4570 |        251        7.11       86.43
                         4660 |        477       13.51       99.94
                        Other |          2        0.06      100.00
------------------------------+-----------------------------------
                        Total |      3,531      100.00

--------------------------------------------------------------------------------------------------------------------------------
-> country = Zimbabwe

        Language of interview |
  (WVS/EVS list of languages) |      Freq.     Percent        Cum.
------------------------------+-----------------------------------
                      English |        426       28.40       28.40
                        Shona |        884       58.93       87.33
                North Ndebele |        190       12.67      100.00
------------------------------+-----------------------------------
                        Total |      1,500      100.00

--------------------------------------------------------------------------------------------------------------------------------
-> country = Spain

        Language of interview |
  (WVS/EVS list of languages) |      Freq.     Percent        Cum.
------------------------------+-----------------------------------
                     Galician |          1        0.08        0.08
                      Catalan |         51        4.29        4.37
                      Spanish |      1,133       95.29       99.66
                        Other |          4        0.34      100.00
------------------------------+-----------------------------------
                        Total |      1,189      100.00

--------------------------------------------------------------------------------------------------------------------------------
-> country = Sweden

        Language of interview |
  (WVS/EVS list of languages) |      Freq.     Percent        Cum.
------------------------------+-----------------------------------
                       French |          1        0.08        0.08
                      Swedish |      1,199       99.42       99.50
                        Other |          6        0.50      100.00
------------------------------+-----------------------------------
                        Total |      1,206      100.00

--------------------------------------------------------------------------------------------------------------------------------
-> country = Switzerland
no observations

--------------------------------------------------------------------------------------------------------------------------------
-> country = Tajikistan
no observations

--------------------------------------------------------------------------------------------------------------------------------
-> country = Thailand

        Language of interview |
  (WVS/EVS list of languages) |      Freq.     Percent        Cum.
------------------------------+-----------------------------------
                         Thai |        785       66.98       66.98
                         1260 |        315       26.88       93.86
                         3234 |          2        0.17       94.03
                        Other |         70        5.97      100.00
------------------------------+-----------------------------------
                        Total |      1,172      100.00

--------------------------------------------------------------------------------------------------------------------------------
-> country = Trinidad and Tobago

        Language of interview |
  (WVS/EVS list of languages) |      Freq.     Percent        Cum.
------------------------------+-----------------------------------
                      English |        999      100.00      100.00
------------------------------+-----------------------------------
                        Total |        999      100.00

--------------------------------------------------------------------------------------------------------------------------------
-> country = Tunisia

        Language of interview |
  (WVS/EVS list of languages) |      Freq.     Percent        Cum.
------------------------------+-----------------------------------
                       Arabic |      1,205      100.00      100.00
------------------------------+-----------------------------------
                        Total |      1,205      100.00

--------------------------------------------------------------------------------------------------------------------------------
-> country = Turkey

        Language of interview |
  (WVS/EVS list of languages) |      Freq.     Percent        Cum.
------------------------------+-----------------------------------
                      Turkish |      1,605      100.00      100.00
------------------------------+-----------------------------------
                        Total |      1,605      100.00

--------------------------------------------------------------------------------------------------------------------------------
-> country = Ukraine

        Language of interview |
  (WVS/EVS list of languages) |      Freq.     Percent        Cum.
------------------------------+-----------------------------------
                    Hungarian |          3        0.20        0.20
                    Ukrainian |      1,493       99.73       99.93
                        Other |          1        0.07      100.00
------------------------------+-----------------------------------
                        Total |      1,497      100.00

--------------------------------------------------------------------------------------------------------------------------------
-> country = North Macedonia
no observations

--------------------------------------------------------------------------------------------------------------------------------
-> country = Egypt

        Language of interview |
  (WVS/EVS list of languages) |      Freq.     Percent        Cum.
------------------------------+-----------------------------------
                       Arabic |      1,523      100.00      100.00
------------------------------+-----------------------------------
                        Total |      1,523      100.00

--------------------------------------------------------------------------------------------------------------------------------
-> country = Great Britain
no observations

--------------------------------------------------------------------------------------------------------------------------------
-> country = United States

        Language of interview |
  (WVS/EVS list of languages) |      Freq.     Percent        Cum.
------------------------------+-----------------------------------
                      English |      2,102       94.18       94.18
                      Spanish |        130        5.82      100.00
------------------------------+-----------------------------------
                        Total |      2,232      100.00

--------------------------------------------------------------------------------------------------------------------------------
-> country = Uruguay

        Language of interview |
  (WVS/EVS list of languages) |      Freq.     Percent        Cum.
------------------------------+-----------------------------------
                      English |          1        0.10        0.10
                       French |          5        0.50        0.60
                      Spanish |        994       99.40      100.00
------------------------------+-----------------------------------
                        Total |      1,000      100.00

--------------------------------------------------------------------------------------------------------------------------------
-> country = Uzbekistan

        Language of interview |
  (WVS/EVS list of languages) |      Freq.     Percent        Cum.
------------------------------+-----------------------------------
                      Russian |        120        8.00        8.00
                        Uzbek |      1,380       92.00      100.00
------------------------------+-----------------------------------
                        Total |      1,500      100.00

--------------------------------------------------------------------------------------------------------------------------------
-> country = Venezuela
no observations

--------------------------------------------------------------------------------------------------------------------------------
-> country = Yemen

        Language of interview |
  (WVS/EVS list of languages) |      Freq.     Percent        Cum.
------------------------------+-----------------------------------
                       Arabic |      1,000      100.00      100.00
------------------------------+-----------------------------------
                        Total |      1,000      100.00

--------------------------------------------------------------------------------------------------------------------------------
-> country = Northern Ireland
no observations


.         bysort country: tab language_interview if wave == 7

--------------------------------------------------------------------------------------------------------------------------------
-> country = Albania

        Language of interview |
  (WVS/EVS list of languages) |      Freq.     Percent        Cum.
------------------------------+-----------------------------------
                     Albanian |      1,433      100.00      100.00
------------------------------+-----------------------------------
                        Total |      1,433      100.00

--------------------------------------------------------------------------------------------------------------------------------
-> country = Algeria
no observations

--------------------------------------------------------------------------------------------------------------------------------
-> country = Andorra

        Language of interview |
  (WVS/EVS list of languages) |      Freq.     Percent        Cum.
------------------------------+-----------------------------------
                      Catalan |        536       53.39       53.39
                      English |          1        0.10       53.49
                       French |          9        0.90       54.38
                      Spanish |        458       45.62      100.00
------------------------------+-----------------------------------
                        Total |      1,004      100.00

--------------------------------------------------------------------------------------------------------------------------------
-> country = Azerbaijan

        Language of interview |
  (WVS/EVS list of languages) |      Freq.     Percent        Cum.
------------------------------+-----------------------------------
                  Azerbaijani |      1,737       96.50       96.50
                      Russian |         63        3.50      100.00
------------------------------+-----------------------------------
                        Total |      1,800      100.00

--------------------------------------------------------------------------------------------------------------------------------
-> country = Argentina

        Language of interview |
  (WVS/EVS list of languages) |      Freq.     Percent        Cum.
------------------------------+-----------------------------------
                      Spanish |      1,003      100.00      100.00
------------------------------+-----------------------------------
                        Total |      1,003      100.00

--------------------------------------------------------------------------------------------------------------------------------
-> country = Australia

        Language of interview |
  (WVS/EVS list of languages) |      Freq.     Percent        Cum.
------------------------------+-----------------------------------
                      English |      1,813      100.00      100.00
------------------------------+-----------------------------------
                        Total |      1,813      100.00

--------------------------------------------------------------------------------------------------------------------------------
-> country = Austria

        Language of interview |
  (WVS/EVS list of languages) |      Freq.     Percent        Cum.
------------------------------+-----------------------------------
                       German |      1,644      100.00      100.00
------------------------------+-----------------------------------
                        Total |      1,644      100.00

--------------------------------------------------------------------------------------------------------------------------------
-> country = Bangladesh

        Language of interview |
  (WVS/EVS list of languages) |      Freq.     Percent        Cum.
------------------------------+-----------------------------------
                      Bengali |      1,200      100.00      100.00
------------------------------+-----------------------------------
                        Total |      1,200      100.00

--------------------------------------------------------------------------------------------------------------------------------
-> country = Armenia

        Language of interview |
  (WVS/EVS list of languages) |      Freq.     Percent        Cum.
------------------------------+-----------------------------------
                     Armenian |      2,723      100.00      100.00
------------------------------+-----------------------------------
                        Total |      2,723      100.00

--------------------------------------------------------------------------------------------------------------------------------
-> country = Bolivia

        Language of interview |
  (WVS/EVS list of languages) |      Freq.     Percent        Cum.
------------------------------+-----------------------------------
                      Spanish |      2,067      100.00      100.00
------------------------------+-----------------------------------
                        Total |      2,067      100.00

--------------------------------------------------------------------------------------------------------------------------------
-> country = Bosnia and Herzegovina

        Language of interview |
  (WVS/EVS list of languages) |      Freq.     Percent        Cum.
------------------------------+-----------------------------------
                      Bosnian |      1,117       64.79       64.79
                     Croatian |        185       10.73       75.52
                      Serbian |        422       24.48      100.00
------------------------------+-----------------------------------
                        Total |      1,724      100.00

--------------------------------------------------------------------------------------------------------------------------------
-> country = Brazil

        Language of interview |
  (WVS/EVS list of languages) |      Freq.     Percent        Cum.
------------------------------+-----------------------------------
                   Portuguese |      1,762      100.00      100.00
------------------------------+-----------------------------------
                        Total |      1,762      100.00

--------------------------------------------------------------------------------------------------------------------------------
-> country = Bulgaria

        Language of interview |
  (WVS/EVS list of languages) |      Freq.     Percent        Cum.
------------------------------+-----------------------------------
                    Bulgarian |      1,558      100.00      100.00
------------------------------+-----------------------------------
                        Total |      1,558      100.00

--------------------------------------------------------------------------------------------------------------------------------
-> country = Myanmar

        Language of interview |
  (WVS/EVS list of languages) |      Freq.     Percent        Cum.
------------------------------+-----------------------------------
                      Burmese |      1,200      100.00      100.00
------------------------------+-----------------------------------
                        Total |      1,200      100.00

--------------------------------------------------------------------------------------------------------------------------------
-> country = Belarus

        Language of interview |
  (WVS/EVS list of languages) |      Freq.     Percent        Cum.
------------------------------+-----------------------------------
                      Russian |      1,548      100.00      100.00
------------------------------+-----------------------------------
                        Total |      1,548      100.00

--------------------------------------------------------------------------------------------------------------------------------
-> country = Canada

        Language of interview |
  (WVS/EVS list of languages) |      Freq.     Percent        Cum.
------------------------------+-----------------------------------
                      English |      3,091       76.93       76.93
                       French |        927       23.07      100.00
------------------------------+-----------------------------------
                        Total |      4,018      100.00

--------------------------------------------------------------------------------------------------------------------------------
-> country = Chile

        Language of interview |
  (WVS/EVS list of languages) |      Freq.     Percent        Cum.
------------------------------+-----------------------------------
                      Spanish |      1,000      100.00      100.00
------------------------------+-----------------------------------
                        Total |      1,000      100.00

--------------------------------------------------------------------------------------------------------------------------------
-> country = China

        Language of interview |
  (WVS/EVS list of languages) |      Freq.     Percent        Cum.
------------------------------+-----------------------------------
                      Chinese |      3,036      100.00      100.00
------------------------------+-----------------------------------
                        Total |      3,036      100.00

--------------------------------------------------------------------------------------------------------------------------------
-> country = Taiwan ROC

        Language of interview |
  (WVS/EVS list of languages) |      Freq.     Percent        Cum.
------------------------------+-----------------------------------
                      Chinese |      1,223      100.00      100.00
------------------------------+-----------------------------------
                        Total |      1,223      100.00

--------------------------------------------------------------------------------------------------------------------------------
-> country = Colombia

        Language of interview |
  (WVS/EVS list of languages) |      Freq.     Percent        Cum.
------------------------------+-----------------------------------
                      Spanish |      1,520      100.00      100.00
------------------------------+-----------------------------------
                        Total |      1,520      100.00

--------------------------------------------------------------------------------------------------------------------------------
-> country = Croatia

        Language of interview |
  (WVS/EVS list of languages) |      Freq.     Percent        Cum.
------------------------------+-----------------------------------
                     Croatian |      1,487      100.00      100.00
------------------------------+-----------------------------------
                        Total |      1,487      100.00

--------------------------------------------------------------------------------------------------------------------------------
-> country = Cyprus

        Language of interview |
  (WVS/EVS list of languages) |      Freq.     Percent        Cum.
------------------------------+-----------------------------------
                      Turkish |        500       50.00       50.00
                Greek, Modern |        500       50.00      100.00
------------------------------+-----------------------------------
                        Total |      1,000      100.00

--------------------------------------------------------------------------------------------------------------------------------
-> country = Czech Republic

        Language of interview |
  (WVS/EVS list of languages) |      Freq.     Percent        Cum.
------------------------------+-----------------------------------
                      Russian |          4        0.13        0.13
                       Slovak |          1        0.03        0.17
                        Czech |      3,006       99.83      100.00
------------------------------+-----------------------------------
                        Total |      3,011      100.00

--------------------------------------------------------------------------------------------------------------------------------
-> country = Denmark

        Language of interview |
  (WVS/EVS list of languages) |      Freq.     Percent        Cum.
------------------------------+-----------------------------------
                       Danish |      3,362      100.00      100.00
------------------------------+-----------------------------------
                        Total |      3,362      100.00

--------------------------------------------------------------------------------------------------------------------------------
-> country = Ecuador

        Language of interview |
  (WVS/EVS list of languages) |      Freq.     Percent        Cum.
------------------------------+-----------------------------------
                      Spanish |      1,200      100.00      100.00
------------------------------+-----------------------------------
                        Total |      1,200      100.00

--------------------------------------------------------------------------------------------------------------------------------
-> country = Ethiopia

        Language of interview |
  (WVS/EVS list of languages) |      Freq.     Percent        Cum.
------------------------------+-----------------------------------
                      Amharic |        947       76.99       76.99
                      English |         10        0.81       77.80
                        Oromo |        158       12.85       90.65
                     Tigrinya |        115        9.35      100.00
------------------------------+-----------------------------------
                        Total |      1,230      100.00

--------------------------------------------------------------------------------------------------------------------------------
-> country = Estonia

        Language of interview |
  (WVS/EVS list of languages) |      Freq.     Percent        Cum.
------------------------------+-----------------------------------
                     Estonian |        987       75.69       75.69
                      Russian |        317       24.31      100.00
------------------------------+-----------------------------------
                        Total |      1,304      100.00

--------------------------------------------------------------------------------------------------------------------------------
-> country = Finland

        Language of interview |
  (WVS/EVS list of languages) |      Freq.     Percent        Cum.
------------------------------+-----------------------------------
                      Finnish |      1,199      100.00      100.00
------------------------------+-----------------------------------
                        Total |      1,199      100.00

--------------------------------------------------------------------------------------------------------------------------------
-> country = France

        Language of interview |
  (WVS/EVS list of languages) |      Freq.     Percent        Cum.
------------------------------+-----------------------------------
                       French |      1,870      100.00      100.00
------------------------------+-----------------------------------
                        Total |      1,870      100.00

--------------------------------------------------------------------------------------------------------------------------------
-> country = Georgia

        Language of interview |
  (WVS/EVS list of languages) |      Freq.     Percent        Cum.
------------------------------+-----------------------------------
                     Armenian |         85        3.87        3.87
                  Azerbaijani |         69        3.14        7.02
                     Georgian |      2,038       92.89       99.91
                      Russian |          2        0.09      100.00
------------------------------+-----------------------------------
                        Total |      2,194      100.00

--------------------------------------------------------------------------------------------------------------------------------
-> country = Palestine
no observations

--------------------------------------------------------------------------------------------------------------------------------
-> country = Germany

        Language of interview |
  (WVS/EVS list of languages) |      Freq.     Percent        Cum.
------------------------------+-----------------------------------
                       German |      3,698      100.00      100.00
------------------------------+-----------------------------------
                        Total |      3,698      100.00

--------------------------------------------------------------------------------------------------------------------------------
-> country = Ghana
no observations

--------------------------------------------------------------------------------------------------------------------------------
-> country = Greece

        Language of interview |
  (WVS/EVS list of languages) |      Freq.     Percent        Cum.
------------------------------+-----------------------------------
                Greek, Modern |      1,200      100.00      100.00
------------------------------+-----------------------------------
                        Total |      1,200      100.00

--------------------------------------------------------------------------------------------------------------------------------
-> country = Guatemala

        Language of interview |
  (WVS/EVS list of languages) |      Freq.     Percent        Cum.
------------------------------+-----------------------------------
                      Spanish |      1,229      100.00      100.00
------------------------------+-----------------------------------
                        Total |      1,229      100.00

--------------------------------------------------------------------------------------------------------------------------------
-> country = Haiti
no observations

--------------------------------------------------------------------------------------------------------------------------------
-> country = Hong Kong SAR

        Language of interview |
  (WVS/EVS list of languages) |      Freq.     Percent        Cum.
------------------------------+-----------------------------------
                    Cantonese |      2,051       98.84       98.84
                      Chinese |         14        0.67       99.52
                      English |         10        0.48      100.00
------------------------------+-----------------------------------
                        Total |      2,075      100.00

--------------------------------------------------------------------------------------------------------------------------------
-> country = Hungary

        Language of interview |
  (WVS/EVS list of languages) |      Freq.     Percent        Cum.
------------------------------+-----------------------------------
                    Hungarian |      1,514      100.00      100.00
------------------------------+-----------------------------------
                        Total |      1,514      100.00

--------------------------------------------------------------------------------------------------------------------------------
-> country = Iceland

        Language of interview |
  (WVS/EVS list of languages) |      Freq.     Percent        Cum.
------------------------------+-----------------------------------
                    Icelandic |      1,578       97.17       97.17
                      English |         46        2.83      100.00
------------------------------+-----------------------------------
                        Total |      1,624      100.00

--------------------------------------------------------------------------------------------------------------------------------
-> country = India

        Language of interview |
  (WVS/EVS list of languages) |      Freq.     Percent        Cum.
------------------------------+-----------------------------------
                        Hindi |      1,692      100.00      100.00
------------------------------+-----------------------------------
                        Total |      1,692      100.00

--------------------------------------------------------------------------------------------------------------------------------
-> country = Indonesia

        Language of interview |
  (WVS/EVS list of languages) |      Freq.     Percent        Cum.
------------------------------+-----------------------------------
                   Indonesian |      3,200      100.00      100.00
------------------------------+-----------------------------------
                        Total |      3,200      100.00

--------------------------------------------------------------------------------------------------------------------------------
-> country = Iran

        Language of interview |
  (WVS/EVS list of languages) |      Freq.     Percent        Cum.
------------------------------+-----------------------------------
                      Persian |      1,499      100.00      100.00
------------------------------+-----------------------------------
                        Total |      1,499      100.00

--------------------------------------------------------------------------------------------------------------------------------
-> country = Iraq

        Language of interview |
  (WVS/EVS list of languages) |      Freq.     Percent        Cum.
------------------------------+-----------------------------------
                       Arabic |      1,200      100.00      100.00
------------------------------+-----------------------------------
                        Total |      1,200      100.00

--------------------------------------------------------------------------------------------------------------------------------
-> country = Italy

        Language of interview |
  (WVS/EVS list of languages) |      Freq.     Percent        Cum.
------------------------------+-----------------------------------
                      Italian |      2,277      100.00      100.00
------------------------------+-----------------------------------
                        Total |      2,277      100.00

--------------------------------------------------------------------------------------------------------------------------------
-> country = Japan

        Language of interview |
  (WVS/EVS list of languages) |      Freq.     Percent        Cum.
------------------------------+-----------------------------------
                     Japanese |      1,353      100.00      100.00
------------------------------+-----------------------------------
                        Total |      1,353      100.00

--------------------------------------------------------------------------------------------------------------------------------
-> country = Kazakhstan

        Language of interview |
  (WVS/EVS list of languages) |      Freq.     Percent        Cum.
------------------------------+-----------------------------------
                      Russian |        598       46.87       46.87
                       Kazakh |        678       53.13      100.00
------------------------------+-----------------------------------
                        Total |      1,276      100.00

--------------------------------------------------------------------------------------------------------------------------------
-> country = Jordan

        Language of interview |
  (WVS/EVS list of languages) |      Freq.     Percent        Cum.
------------------------------+-----------------------------------
                       Arabic |      1,203      100.00      100.00
------------------------------+-----------------------------------
                        Total |      1,203      100.00

--------------------------------------------------------------------------------------------------------------------------------
-> country = Kenya

        Language of interview |
  (WVS/EVS list of languages) |      Freq.     Percent        Cum.
------------------------------+-----------------------------------
                      English |      1,091       86.18       86.18
                      Swahili |        175       13.82      100.00
------------------------------+-----------------------------------
                        Total |      1,266      100.00

--------------------------------------------------------------------------------------------------------------------------------
-> country = South Korea

        Language of interview |
  (WVS/EVS list of languages) |      Freq.     Percent        Cum.
------------------------------+-----------------------------------
                       Korean |      1,245      100.00      100.00
------------------------------+-----------------------------------
                        Total |      1,245      100.00

--------------------------------------------------------------------------------------------------------------------------------
-> country = Kuwait
no observations

--------------------------------------------------------------------------------------------------------------------------------
-> country = Kyrgyzstan

        Language of interview |
  (WVS/EVS list of languages) |      Freq.     Percent        Cum.
------------------------------+-----------------------------------
                      Kirghiz |        851       70.92       70.92
                      Russian |        220       18.33       89.25
                        Uzbek |        129       10.75      100.00
------------------------------+-----------------------------------
                        Total |      1,200      100.00

--------------------------------------------------------------------------------------------------------------------------------
-> country = Lebanon

        Language of interview |
  (WVS/EVS list of languages) |      Freq.     Percent        Cum.
------------------------------+-----------------------------------
                       Arabic |      1,200      100.00      100.00
------------------------------+-----------------------------------
                        Total |      1,200      100.00

--------------------------------------------------------------------------------------------------------------------------------
-> country = Latvia

        Language of interview |
  (WVS/EVS list of languages) |      Freq.     Percent        Cum.
------------------------------+-----------------------------------
                      Latvian |      1,173       87.87       87.87
                      Russian |        162       12.13      100.00
------------------------------+-----------------------------------
                        Total |      1,335      100.00

--------------------------------------------------------------------------------------------------------------------------------
-> country = Libya

        Language of interview |
  (WVS/EVS list of languages) |      Freq.     Percent        Cum.
------------------------------+-----------------------------------
                       Arabic |      1,196      100.00      100.00
------------------------------+-----------------------------------
                        Total |      1,196      100.00

--------------------------------------------------------------------------------------------------------------------------------
-> country = Lithuania

        Language of interview |
  (WVS/EVS list of languages) |      Freq.     Percent        Cum.
------------------------------+-----------------------------------
                   Lithuanian |      1,300       89.78       89.78
                      Russian |        148       10.22      100.00
------------------------------+-----------------------------------
                        Total |      1,448      100.00

--------------------------------------------------------------------------------------------------------------------------------
-> country = Macau SAR

        Language of interview |
  (WVS/EVS list of languages) |      Freq.     Percent        Cum.
------------------------------+-----------------------------------
                      Chinese |      1,023      100.00      100.00
------------------------------+-----------------------------------
                        Total |      1,023      100.00

--------------------------------------------------------------------------------------------------------------------------------
-> country = Malaysia

        Language of interview |
  (WVS/EVS list of languages) |      Freq.     Percent        Cum.
------------------------------+-----------------------------------
                        Malay |      1,313      100.00      100.00
------------------------------+-----------------------------------
                        Total |      1,313      100.00

--------------------------------------------------------------------------------------------------------------------------------
-> country = Maldives

        Language of interview |
  (WVS/EVS list of languages) |      Freq.     Percent        Cum.
------------------------------+-----------------------------------
                       Divehi |      1,039      100.00      100.00
------------------------------+-----------------------------------
                        Total |      1,039      100.00

--------------------------------------------------------------------------------------------------------------------------------
-> country = Mexico

        Language of interview |
  (WVS/EVS list of languages) |      Freq.     Percent        Cum.
------------------------------+-----------------------------------
                      Spanish |      1,741      100.00      100.00
------------------------------+-----------------------------------
                        Total |      1,741      100.00

--------------------------------------------------------------------------------------------------------------------------------
-> country = Mongolia

        Language of interview |
  (WVS/EVS list of languages) |      Freq.     Percent        Cum.
------------------------------+-----------------------------------
                    Mongolian |      1,638      100.00      100.00
------------------------------+-----------------------------------
                        Total |      1,638      100.00

--------------------------------------------------------------------------------------------------------------------------------
-> country = Montenegro

        Language of interview |
  (WVS/EVS list of languages) |      Freq.     Percent        Cum.
------------------------------+-----------------------------------
                  Montenegrin |      1,003      100.00      100.00
------------------------------+-----------------------------------
                        Total |      1,003      100.00

--------------------------------------------------------------------------------------------------------------------------------
-> country = Morocco

        Language of interview |
  (WVS/EVS list of languages) |      Freq.     Percent        Cum.
------------------------------+-----------------------------------
                       Arabic |      1,200      100.00      100.00
------------------------------+-----------------------------------
                        Total |      1,200      100.00

--------------------------------------------------------------------------------------------------------------------------------
-> country = Netherlands

        Language of interview |
  (WVS/EVS list of languages) |      Freq.     Percent        Cum.
------------------------------+-----------------------------------
                        Dutch |      4,549      100.00      100.00
------------------------------+-----------------------------------
                        Total |      4,549      100.00

--------------------------------------------------------------------------------------------------------------------------------
-> country = New Zealand

        Language of interview |
  (WVS/EVS list of languages) |      Freq.     Percent        Cum.
------------------------------+-----------------------------------
                      English |      1,057      100.00      100.00
------------------------------+-----------------------------------
                        Total |      1,057      100.00

--------------------------------------------------------------------------------------------------------------------------------
-> country = Nicaragua

        Language of interview |
  (WVS/EVS list of languages) |      Freq.     Percent        Cum.
------------------------------+-----------------------------------
                      Spanish |      1,200      100.00      100.00
------------------------------+-----------------------------------
                        Total |      1,200      100.00

--------------------------------------------------------------------------------------------------------------------------------
-> country = Nigeria

        Language of interview |
  (WVS/EVS list of languages) |      Freq.     Percent        Cum.
------------------------------+-----------------------------------
                      English |        675       54.57       54.57
                        Hausa |        352       28.46       83.02
                         Igbo |         40        3.23       86.26
                       Yoruba |        170       13.74      100.00
------------------------------+-----------------------------------
                        Total |      1,237      100.00

--------------------------------------------------------------------------------------------------------------------------------
-> country = Norway

        Language of interview |
  (WVS/EVS list of languages) |      Freq.     Percent        Cum.
------------------------------+-----------------------------------
                      English |         24        2.14        2.14
                    Norwegian |      1,095       97.59       99.73
                       Polish |          3        0.27      100.00
------------------------------+-----------------------------------
                        Total |      1,122      100.00

--------------------------------------------------------------------------------------------------------------------------------
-> country = Pakistan

        Language of interview |
  (WVS/EVS list of languages) |      Freq.     Percent        Cum.
------------------------------+-----------------------------------
                         Urdu |      1,995      100.00      100.00
------------------------------+-----------------------------------
                        Total |      1,995      100.00

--------------------------------------------------------------------------------------------------------------------------------
-> country = Peru

        Language of interview |
  (WVS/EVS list of languages) |      Freq.     Percent        Cum.
------------------------------+-----------------------------------
                      Spanish |      1,400      100.00      100.00
------------------------------+-----------------------------------
                        Total |      1,400      100.00

--------------------------------------------------------------------------------------------------------------------------------
-> country = Philippines

        Language of interview |
  (WVS/EVS list of languages) |      Freq.     Percent        Cum.
------------------------------+-----------------------------------
                      Cebuano |        382       31.83       31.83
           Filipino; Pilipino |        541       45.08       76.92
                       Tausug |         42        3.50       80.42
                        Iluko |         49        4.08       84.50
                   Hiligaynon |        106        8.83       93.33
                        Bicol |         30        2.50       95.83
                        Waray |         50        4.17      100.00
------------------------------+-----------------------------------
                        Total |      1,200      100.00

--------------------------------------------------------------------------------------------------------------------------------
-> country = Poland

        Language of interview |
  (WVS/EVS list of languages) |      Freq.     Percent        Cum.
------------------------------+-----------------------------------
                       Polish |      1,352      100.00      100.00
------------------------------+-----------------------------------
                        Total |      1,352      100.00

--------------------------------------------------------------------------------------------------------------------------------
-> country = Portugal

        Language of interview |
  (WVS/EVS list of languages) |      Freq.     Percent        Cum.
------------------------------+-----------------------------------
                   Portuguese |      1,215      100.00      100.00
------------------------------+-----------------------------------
                        Total |      1,215      100.00

--------------------------------------------------------------------------------------------------------------------------------
-> country = Puerto Rico

        Language of interview |
  (WVS/EVS list of languages) |      Freq.     Percent        Cum.
------------------------------+-----------------------------------
                      Spanish |      1,127      100.00      100.00
------------------------------+-----------------------------------
                        Total |      1,127      100.00

--------------------------------------------------------------------------------------------------------------------------------
-> country = Qatar
no observations

--------------------------------------------------------------------------------------------------------------------------------
-> country = Romania

        Language of interview |
  (WVS/EVS list of languages) |      Freq.     Percent        Cum.
------------------------------+-----------------------------------
                    Hungarian |         36        1.25        1.25
                     Romanian |      2,834       98.75      100.00
------------------------------+-----------------------------------
                        Total |      2,870      100.00

--------------------------------------------------------------------------------------------------------------------------------
-> country = Russia

        Language of interview |
  (WVS/EVS list of languages) |      Freq.     Percent        Cum.
------------------------------+-----------------------------------
                      Russian |      3,635      100.00      100.00
------------------------------+-----------------------------------
                        Total |      3,635      100.00

--------------------------------------------------------------------------------------------------------------------------------
-> country = Rwanda
no observations

--------------------------------------------------------------------------------------------------------------------------------
-> country = Serbia

        Language of interview |
  (WVS/EVS list of languages) |      Freq.     Percent        Cum.
------------------------------+-----------------------------------
                      Serbian |      2,543      100.00      100.00
------------------------------+-----------------------------------
                        Total |      2,543      100.00

--------------------------------------------------------------------------------------------------------------------------------
-> country = Singapore

        Language of interview |
  (WVS/EVS list of languages) |      Freq.     Percent        Cum.
------------------------------+-----------------------------------
                      Chinese |        385       19.14       19.14
                      English |      1,624       80.72       99.85
                        Malay |          3        0.15      100.00
------------------------------+-----------------------------------
                        Total |      2,012      100.00

--------------------------------------------------------------------------------------------------------------------------------
-> country = Slovakia

        Language of interview |
  (WVS/EVS list of languages) |      Freq.     Percent        Cum.
------------------------------+-----------------------------------
                    Hungarian |         33        1.25        1.25
                       Slovak |      2,599       98.75      100.00
------------------------------+-----------------------------------
                        Total |      2,632      100.00

--------------------------------------------------------------------------------------------------------------------------------
-> country = Vietnam

        Language of interview |
  (WVS/EVS list of languages) |      Freq.     Percent        Cum.
------------------------------+-----------------------------------
                   Vietnamese |      1,200      100.00      100.00
------------------------------+-----------------------------------
                        Total |      1,200      100.00

--------------------------------------------------------------------------------------------------------------------------------
-> country = Slovenia

        Language of interview |
  (WVS/EVS list of languages) |      Freq.     Percent        Cum.
------------------------------+-----------------------------------
                    Slovenian |      1,075      100.00      100.00
------------------------------+-----------------------------------
                        Total |      1,075      100.00

--------------------------------------------------------------------------------------------------------------------------------
-> country = South Africa
no observations

--------------------------------------------------------------------------------------------------------------------------------
-> country = Zimbabwe

        Language of interview |
  (WVS/EVS list of languages) |      Freq.     Percent        Cum.
------------------------------+-----------------------------------
                      English |        281       23.13       23.13
                        Shona |        832       68.48       91.60
                North Ndebele |        102        8.40      100.00
------------------------------+-----------------------------------
                        Total |      1,215      100.00

--------------------------------------------------------------------------------------------------------------------------------
-> country = Spain

        Language of interview |
  (WVS/EVS list of languages) |      Freq.     Percent        Cum.
------------------------------+-----------------------------------
                       Basque |          1        0.08        0.08
                     Galician |          6        0.50        0.58
                      Catalan |         53        4.40        4.98
                      Spanish |      1,145       95.02      100.00
------------------------------+-----------------------------------
                        Total |      1,205      100.00

--------------------------------------------------------------------------------------------------------------------------------
-> country = Sweden

        Language of interview |
  (WVS/EVS list of languages) |      Freq.     Percent        Cum.
------------------------------+-----------------------------------
                      Swedish |      1,194      100.00      100.00
------------------------------+-----------------------------------
                        Total |      1,194      100.00

--------------------------------------------------------------------------------------------------------------------------------
-> country = Switzerland

        Language of interview |
  (WVS/EVS list of languages) |      Freq.     Percent        Cum.
------------------------------+-----------------------------------
                       French |        796       25.08       25.08
                       German |      2,210       69.63       94.71
                      Italian |        168        5.29      100.00
------------------------------+-----------------------------------
                        Total |      3,174      100.00

--------------------------------------------------------------------------------------------------------------------------------
-> country = Tajikistan

        Language of interview |
  (WVS/EVS list of languages) |      Freq.     Percent        Cum.
------------------------------+-----------------------------------
                      Russian |         55        4.58        4.58
                        Uzbek |        128       10.67       15.25
                        Tajik |      1,017       84.75      100.00
------------------------------+-----------------------------------
                        Total |      1,200      100.00

--------------------------------------------------------------------------------------------------------------------------------
-> country = Thailand

        Language of interview |
  (WVS/EVS list of languages) |      Freq.     Percent        Cum.
------------------------------+-----------------------------------
                         Thai |      1,500      100.00      100.00
------------------------------+-----------------------------------
                        Total |      1,500      100.00

--------------------------------------------------------------------------------------------------------------------------------
-> country = Trinidad and Tobago
no observations

--------------------------------------------------------------------------------------------------------------------------------
-> country = Tunisia

        Language of interview |
  (WVS/EVS list of languages) |      Freq.     Percent        Cum.
------------------------------+-----------------------------------
                       Arabic |      1,208      100.00      100.00
------------------------------+-----------------------------------
                        Total |      1,208      100.00

--------------------------------------------------------------------------------------------------------------------------------
-> country = Turkey

        Language of interview |
  (WVS/EVS list of languages) |      Freq.     Percent        Cum.
------------------------------+-----------------------------------
                      Turkish |      2,415      100.00      100.00
------------------------------+-----------------------------------
                        Total |      2,415      100.00

--------------------------------------------------------------------------------------------------------------------------------
-> country = Ukraine

        Language of interview |
  (WVS/EVS list of languages) |      Freq.     Percent        Cum.
------------------------------+-----------------------------------
                      Russian |      1,324       45.64       45.64
                    Ukrainian |      1,577       54.36      100.00
------------------------------+-----------------------------------
                        Total |      2,901      100.00

--------------------------------------------------------------------------------------------------------------------------------
-> country = North Macedonia

        Language of interview |
  (WVS/EVS list of languages) |      Freq.     Percent        Cum.
------------------------------+-----------------------------------
                     Albanian |        208       18.62       18.62
                   Macedonian |        909       81.38      100.00
------------------------------+-----------------------------------
                        Total |      1,117      100.00

--------------------------------------------------------------------------------------------------------------------------------
-> country = Egypt

        Language of interview |
  (WVS/EVS list of languages) |      Freq.     Percent        Cum.
------------------------------+-----------------------------------
                       Arabic |      1,200      100.00      100.00
------------------------------+-----------------------------------
                        Total |      1,200      100.00

--------------------------------------------------------------------------------------------------------------------------------
-> country = Great Britain

        Language of interview |
  (WVS/EVS list of languages) |      Freq.     Percent        Cum.
------------------------------+-----------------------------------
                      English |      4,397      100.00      100.00
------------------------------+-----------------------------------
                        Total |      4,397      100.00

--------------------------------------------------------------------------------------------------------------------------------
-> country = United States

        Language of interview |
  (WVS/EVS list of languages) |      Freq.     Percent        Cum.
------------------------------+-----------------------------------
                      English |      2,541       97.88       97.88
                      Spanish |         55        2.12      100.00
------------------------------+-----------------------------------
                        Total |      2,596      100.00

--------------------------------------------------------------------------------------------------------------------------------
-> country = Uruguay

        Language of interview |
  (WVS/EVS list of languages) |      Freq.     Percent        Cum.
------------------------------+-----------------------------------
                      Spanish |      1,000      100.00      100.00
------------------------------+-----------------------------------
                        Total |      1,000      100.00

--------------------------------------------------------------------------------------------------------------------------------
-> country = Uzbekistan

        Language of interview |
  (WVS/EVS list of languages) |      Freq.     Percent        Cum.
------------------------------+-----------------------------------
                        Uzbek |      1,250      100.00      100.00
------------------------------+-----------------------------------
                        Total |      1,250      100.00

--------------------------------------------------------------------------------------------------------------------------------
-> country = Venezuela

        Language of interview |
  (WVS/EVS list of languages) |      Freq.     Percent        Cum.
------------------------------+-----------------------------------
                      Spanish |      1,190      100.00      100.00
------------------------------+-----------------------------------
                        Total |      1,190      100.00

--------------------------------------------------------------------------------------------------------------------------------
-> country = Yemen
no observations

--------------------------------------------------------------------------------------------------------------------------------
-> country = Northern Ireland

        Language of interview |
  (WVS/EVS list of languages) |      Freq.     Percent        Cum.
------------------------------+-----------------------------------
                      English |        447      100.00      100.00
------------------------------+-----------------------------------
                        Total |        447      100.00


.         log close
      name:  <unnamed>
       log:  C:\Users\akali\OneDrive - Lingnan University\Desktop\Replication_Files\Output\my_logfile.log
  log type:  text
 closed on:   2 Jun 2025, 10:22:59
--------------------------------------------------------------------------------------------------------------------------------
